#-----------------------------------------------------------
# Webtalk v2014.3 (64-bit)
# SW Build 1018564 on Mon Sep 15 18:49:35 MDT 2014
# 
# Start of session at: Tue Sep 23 15:22:07 2014
# Process ID: 84672
# Log file: C:/PROJECT_FOR_RELEASE/KC705_150MHZ_64KB/project_150MHz/project_2.sdk/webtalk/webtalk.log
# Journal file: C:/PROJECT_FOR_RELEASE/KC705_150MHZ_64KB/project_150MHz/project_2.sdk/webtalk\webtalk.jou
#-----------------------------------------------------------
WARNING: [Common 17-204] Your XILINX environment variable is undefined. You will not be able to run Synthesis and Implementation using ISE based strategies, or import ngc netlists. Please set up your XILINX environment to get full functionality.
source sdk_webtalk.tcl
# webtalk_init -webtalk_dir C:\\PROJECT_FOR_RELEASE\\KC705_150MHZ_64KB\\project_150MHz\\project_2.sdk\\webtalk
# webtalk_register_client -client project
# webtalk_add_data -client project -key date_generated -value "Tue Sep 23 15:21:57 2014" -context "software_version_and_target_device"
# webtalk_add_data -client project -key product_version -value "SDK v2014.3" -context "software_version_and_target_device"
# webtalk_add_data -client project -key build_version -value "2014.3" -context "software_version_and_target_device"
# webtalk_add_data -client project -key os_platform -value "amd64" -context "software_version_and_target_device"
# webtalk_add_data -client project -key registration_id -value "" -context "software_version_and_target_device"
# webtalk_add_data -client project -key tool_flow -value "SDK" -context "software_version_and_target_device"
# webtalk_add_data -client project -key beta -value "false" -context "software_version_and_target_device"
# webtalk_add_data -client project -key route_design -value "NA" -context "software_version_and_target_device"
# webtalk_add_data -client project -key target_family -value "NA" -context "software_version_and_target_device"
# webtalk_add_data -client project -key target_device -value "NA" -context "software_version_and_target_device"
# webtalk_add_data -client project -key target_package -value "NA" -context "software_version_and_target_device"
# webtalk_add_data -client project -key target_speed -value "NA" -context "software_version_and_target_device"
# webtalk_add_data -client project -key random_id -value "11q61fio6q9lrqb8l6b5un3rk0" -context "software_version_and_target_device"
# webtalk_add_data -client project -key project_id -value "2014.3_3" -context "software_version_and_target_device"
# webtalk_add_data -client project -key project_iteration -value "3" -context "software_version_and_target_device"
# webtalk_add_data -client project -key os_name -value "" -context "user_environment"
# webtalk_add_data -client project -key os_release -value "" -context "user_environment"
# webtalk_add_data -client project -key cpu_name -value "" -context "user_environment"
# webtalk_add_data -client project -key cpu_speed -value "" -context "user_environment"
# webtalk_add_data -client project -key total_processors -value "" -context "user_environment"
# webtalk_add_data -client project -key system_ram -value "" -context "user_environment"
# webtalk_register_client -client sdk
# webtalk_add_data -client sdk -key uid -value "1411454211508" -context "sdk\\\\hardware/1411454211508"
# webtalk_add_data -client sdk -key isZynq -value "false" -context "sdk\\\\hardware/1411454211508"
# webtalk_add_data -client sdk -key Processors -value "1" -context "sdk\\\\hardware/1411454211508"
# webtalk_add_data -client sdk -key VivadoVersion -value "2014.3" -context "sdk\\\\hardware/1411454211508"
# webtalk_add_data -client sdk -key Arch -value "kintex7" -context "sdk\\\\hardware/1411454211508"
# webtalk_add_data -client sdk -key Device -value "7k325t" -context "sdk\\\\hardware/1411454211508"
# webtalk_add_data -client sdk -key IsHandoff -value "true" -context "sdk\\\\hardware/1411454211508"
# webtalk_add_data -client sdk -key uid -value "1411454266688" -context "sdk\\\\bsp/1411454266688"
# webtalk_add_data -client sdk -key hwid -value "1411454211508" -context "sdk\\\\bsp/1411454266688"
# webtalk_add_data -client sdk -key os -value "standalone" -context "sdk\\\\bsp/1411454266688"
# webtalk_add_data -client sdk -key apptemplate -value "empty_application" -context "sdk\\\\bsp/1411454266688"
# webtalk_add_data -client sdk -key uid -value "1411454272883" -context "sdk\\\\application/1411454272883"
# webtalk_add_data -client sdk -key hwid -value "1411454211508" -context "sdk\\\\application/1411454272883"
# webtalk_add_data -client sdk -key bspid -value "1411454266688" -context "sdk\\\\application/1411454272883"
# webtalk_add_data -client sdk -key newbsp -value "true" -context "sdk\\\\application/1411454272883"
# webtalk_add_data -client sdk -key os -value "standalone" -context "sdk\\\\application/1411454272883"
# webtalk_add_data -client sdk -key apptemplate -value "empty_application" -context "sdk\\\\application/1411454272883"
# webtalk_add_data -client sdk -key uid -value "1411454628959" -context "sdk\\\\bsp/1411454628959"
# webtalk_add_data -client sdk -key hwid -value "1411454211508" -context "sdk\\\\bsp/1411454628959"
# webtalk_add_data -client sdk -key os -value "xilkernel" -context "sdk\\\\bsp/1411454628959"
# webtalk_add_data -client sdk -key apptemplate -value "null" -context "sdk\\\\bsp/1411454628959"
# webtalk_add_data -client sdk -key uid -value "1411454634437" -context "sdk\\\\application/1411454634437"
# webtalk_add_data -client sdk -key hwid -value "1411454211508" -context "sdk\\\\application/1411454634437"
# webtalk_add_data -client sdk -key bspid -value "1411454628959" -context "sdk\\\\application/1411454634437"
# webtalk_add_data -client sdk -key newbsp -value "true" -context "sdk\\\\application/1411454634437"
# webtalk_add_data -client sdk -key os -value "xilkernel" -context "sdk\\\\application/1411454634437"
# webtalk_add_data -client sdk -key apptemplate -value "empty_application" -context "sdk\\\\application/1411454634437"
# webtalk_transmit -clientid 1462532318 -regid "" -xml C:\\PROJECT_FOR_RELEASE\\KC705_150MHZ_64KB\\project_150MHz\\project_2.sdk\\webtalk\\usage_statistics_ext_sdk.xml -html C:\\PROJECT_FOR_RELEASE\\KC705_150MHZ_64KB\\project_150MHz\\project_2.sdk\\webtalk\\usage_statistics_ext_sdk.html -wdm C:\\PROJECT_FOR_RELEASE\\KC705_150MHZ_64KB\\project_150MHz\\project_2.sdk\\webtalk\\sdk_webtalk.wdm -intro "<H3>SDK Usage Report</H3><BR>"
webtalk_transmit: Time (s): cpu = 00:00:00 ; elapsed = 00:00:07 . Memory (MB): peak = 57.711 ; gain = 0.559

    while executing
"webtalk_transmit -clientid 1462532318 -regid "" -xml C:\\PROJECT_FOR_RELEASE\\KC705_150MHZ_64KB\\project_150MHz\\project_2.sdk\\webtalk\\usage_statist..."
    (file "sdk_webtalk.tcl" line 52)
INFO: [Common 17-206] Exiting Webtalk at Tue Sep 23 15:22:15 2014...
