Copyright 1986-2014 Xilinx, Inc. All Rights Reserved.
---------------------------------------------------------------------------------------------
| Tool Version : Vivado v.2014.3 (win64) Build 1018564 Mon Sep 15 19:04:16 MDT 2014
| Date         : Thu Sep 25 15:57:05 2014
| Host         : XHDKATTAD30 running 64-bit Service Pack 1  (build 7601)
| Command      : report_control_sets -verbose -file design_1_wrapper_control_sets_placed.rpt
| Design       : design_1_wrapper
| Device       : xc7z020
---------------------------------------------------------------------------------------------

Control Set Information

Table of Contents
-----------------
1. Summary
2. Flip-Flop Distribution
3. Detailed Control Set Information

1. Summary
----------

+-------------------------------------------------------------------+-------+
|                               Status                              | Count |
+-------------------------------------------------------------------+-------+
| Number of unique control sets                                     |     0 |
| Minimum Number of register sites lost to control set restrictions |     0 |
+-------------------------------------------------------------------+-------+


2. Flip-Flop Distribution
-------------------------

+--------------+-----------------------+------------------------+-----------------+--------------+
| Clock Enable | Synchronous Set/Reset | Asynchronous Set/Reset | Total Registers | Total Slices |
+--------------+-----------------------+------------------------+-----------------+--------------+
| No           | No                    | No                     |               0 |            0 |
| No           | No                    | Yes                    |               0 |            0 |
| No           | Yes                   | No                     |               0 |            0 |
| Yes          | No                    | No                     |               0 |            0 |
| Yes          | No                    | Yes                    |               0 |            0 |
| Yes          | Yes                   | No                     |               0 |            0 |
+--------------+-----------------------+------------------------+-----------------+--------------+


3. Detailed Control Set Information
-----------------------------------

+--------------+---------------+------------------+------------------+----------------+
| Clock Signal | Enable Signal | Set/Reset Signal | Slice Load Count | Bel Load Count |
+--------------+---------------+------------------+------------------+----------------+


