#-----------------------------------------------------------
# Webtalk v2014.3 (64-bit)
# SW Build 1018564 on Mon Sep 15 18:49:35 MDT 2014
# 
# Start of session at: Tue Nov 11 18:25:18 2014
# Process ID: 135112
# Log file: C:/PROJECT_FOR_RELEASE/KC705_AXIEthernetlite_150Mhz_64Kb_cache/SW/webtalk/webtalk.log
# Journal file: C:/PROJECT_FOR_RELEASE/KC705_AXIEthernetlite_150Mhz_64Kb_cache/SW/webtalk\webtalk.jou
#-----------------------------------------------------------
WARNING: [Common 17-204] Your XILINX environment variable is undefined. You will not be able to run Synthesis and Implementation using ISE based strategies, or import ngc netlists. Please set up your XILINX environment to get full functionality.
source sdk_webtalk.tcl
# webtalk_init -webtalk_dir C:\\PROJECT_FOR_RELEASE\\KC705_AXIEthernetlite_150Mhz_64Kb_cache\\SW\\webtalk
# webtalk_register_client -client project
# webtalk_add_data -client project -key date_generated -value "Tue Nov 11 18:25:16 2014" -context "software_version_and_target_device"
# webtalk_add_data -client project -key product_version -value "SDK v2014.3" -context "software_version_and_target_device"
# webtalk_add_data -client project -key build_version -value "2014.3" -context "software_version_and_target_device"
# webtalk_add_data -client project -key os_platform -value "amd64" -context "software_version_and_target_device"
# webtalk_add_data -client project -key registration_id -value "210832846_0_0_661" -context "software_version_and_target_device"
# webtalk_add_data -client project -key tool_flow -value "SDK" -context "software_version_and_target_device"
# webtalk_add_data -client project -key beta -value "false" -context "software_version_and_target_device"
# webtalk_add_data -client project -key route_design -value "NA" -context "software_version_and_target_device"
# webtalk_add_data -client project -key target_family -value "NA" -context "software_version_and_target_device"
# webtalk_add_data -client project -key target_device -value "NA" -context "software_version_and_target_device"
# webtalk_add_data -client project -key target_package -value "NA" -context "software_version_and_target_device"
# webtalk_add_data -client project -key target_speed -value "NA" -context "software_version_and_target_device"
# webtalk_add_data -client project -key random_id -value "1ti401laeeo25lj2br9n6jq4t9" -context "software_version_and_target_device"
# webtalk_add_data -client project -key project_id -value "2014.3_26" -context "software_version_and_target_device"
# webtalk_add_data -client project -key project_iteration -value "26" -context "software_version_and_target_device"
# webtalk_add_data -client project -key os_name -value "Microsoft Windows 7 , 64-bit" -context "user_environment"
# webtalk_add_data -client project -key os_release -value "Service Pack 1  (build 7601)" -context "user_environment"
# webtalk_add_data -client project -key cpu_name -value "Intel(R) Core(TM) i7-2720QM CPU @ 2.20GHz" -context "user_environment"
# webtalk_add_data -client project -key cpu_speed -value "2195 MHz" -context "user_environment"
# webtalk_add_data -client project -key total_processors -value "1" -context "user_environment"
# webtalk_add_data -client project -key system_ram -value "4.000 GB" -context "user_environment"
# webtalk_register_client -client sdk
# webtalk_add_data -client sdk -key uid -value "1415708056971" -context "sdk\\\\bsp/1415708056971"
# webtalk_add_data -client sdk -key hwid -value "1414587765573" -context "sdk\\\\bsp/1415708056971"
# webtalk_add_data -client sdk -key os -value "standalone" -context "sdk\\\\bsp/1415708056971"
# webtalk_add_data -client sdk -key apptemplate -value "empty_application" -context "sdk\\\\bsp/1415708056971"
# webtalk_add_data -client sdk -key uid -value "1415708062765" -context "sdk\\\\application/1415708062765"
# webtalk_add_data -client sdk -key hwid -value "1414587765573" -context "sdk\\\\application/1415708062765"
# webtalk_add_data -client sdk -key bspid -value "1415708056971" -context "sdk\\\\application/1415708062765"
# webtalk_add_data -client sdk -key newbsp -value "true" -context "sdk\\\\application/1415708062765"
# webtalk_add_data -client sdk -key os -value "standalone" -context "sdk\\\\application/1415708062765"
# webtalk_add_data -client sdk -key apptemplate -value "empty_application" -context "sdk\\\\application/1415708062765"
# webtalk_add_data -client sdk -key uid -value "1415708481974" -context "sdk\\\\bsp/1415708481974"
# webtalk_add_data -client sdk -key hwid -value "1414587765573" -context "sdk\\\\bsp/1415708481974"
# webtalk_add_data -client sdk -key os -value "xilkernel" -context "sdk\\\\bsp/1415708481974"
# webtalk_add_data -client sdk -key apptemplate -value "null" -context "sdk\\\\bsp/1415708481974"
# webtalk_add_data -client sdk -key uid -value "1415708486383" -context "sdk\\\\application/1415708486383"
# webtalk_add_data -client sdk -key hwid -value "1414587765573" -context "sdk\\\\application/1415708486383"
# webtalk_add_data -client sdk -key bspid -value "1415708481974" -context "sdk\\\\application/1415708486383"
# webtalk_add_data -client sdk -key newbsp -value "true" -context "sdk\\\\application/1415708486383"
# webtalk_add_data -client sdk -key os -value "xilkernel" -context "sdk\\\\application/1415708486383"
# webtalk_add_data -client sdk -key apptemplate -value "empty_application" -context "sdk\\\\application/1415708486383"
# webtalk_add_data -client sdk -key uid -value "1415708940534" -context "sdk\\\\bsp/1415708940534"
# webtalk_add_data -client sdk -key hwid -value "1414587765573" -context "sdk\\\\bsp/1415708940534"
# webtalk_add_data -client sdk -key os -value "xilkernel" -context "sdk\\\\bsp/1415708940534"
# webtalk_add_data -client sdk -key apptemplate -value "null" -context "sdk\\\\bsp/1415708940534"
# webtalk_add_data -client sdk -key uid -value "1415708944051" -context "sdk\\\\application/1415708944051"
# webtalk_add_data -client sdk -key hwid -value "1414587765573" -context "sdk\\\\application/1415708944051"
# webtalk_add_data -client sdk -key bspid -value "1415708940534" -context "sdk\\\\application/1415708944051"
# webtalk_add_data -client sdk -key newbsp -value "true" -context "sdk\\\\application/1415708944051"
# webtalk_add_data -client sdk -key os -value "xilkernel" -context "sdk\\\\application/1415708944051"
# webtalk_add_data -client sdk -key apptemplate -value "empty_application" -context "sdk\\\\application/1415708944051"
# webtalk_transmit -clientid 414165602 -regid "210832846_0_0_661" -xml C:\\PROJECT_FOR_RELEASE\\KC705_AXIEthernetlite_150Mhz_64Kb_cache\\SW\\webtalk\\usage_statistics_ext_sdk.xml -html C:\\PROJECT_FOR_RELEASE\\KC705_AXIEthernetlite_150Mhz_64Kb_cache\\SW\\webtalk\\usage_statistics_ext_sdk.html -wdm C:\\PROJECT_FOR_RELEASE\\KC705_AXIEthernetlite_150Mhz_64Kb_cache\\SW\\webtalk\\sdk_webtalk.wdm -intro "<H3>SDK Usage Report</H3><BR>"
INFO: [Common 17-186] 'C:\PROJECT_FOR_RELEASE\KC705_AXIEthernetlite_150Mhz_64Kb_cache\SW\webtalk\usage_statistics_ext_sdk.xml' has been successfully sent to Xilinx on Tue Nov 11 18:25:25 2014. For additional details about this file, please refer to the WebTalk help file at /doc/webtalk_introduction.html.
# webtalk_terminate
INFO: [Common 17-206] Exiting Webtalk at Tue Nov 11 18:25:25 2014...
