INFO: [Common 17-701] A license check has taken more than 10 seconds to complete. This may indicate that there is a performance issue with one or more license servers listed in XILINXD_LICENSE_FILE or LM_LICENSE_FILE, or that the license servers are just not responding at all. Try setting the FLEXLM_DIAGNOSTICS environment variable to 3 and running Vivado again to get more information.
#-----------------------------------------------------------
# Webtalk v2014.3 (64-bit)
# SW Build 1018564 on Mon Sep 15 18:49:35 MDT 2014
# 
# Start of session at: Mon Sep 22 20:22:09 2014
# Process ID: 62380
# Log file: C:/PROJECT_FOR_RELEASE/KC705_150MHZ_32KB/project_150MHz/project_2.sdk/webtalk/webtalk.log
# Journal file: C:/PROJECT_FOR_RELEASE/KC705_150MHZ_32KB/project_150MHz/project_2.sdk/webtalk\webtalk.jou
#-----------------------------------------------------------
WARNING: [Common 17-204] Your XILINX environment variable is undefined. You will not be able to run Synthesis and Implementation using ISE based strategies, or import ngc netlists. Please set up your XILINX environment to get full functionality.
source sdk_webtalk.tcl
# webtalk_init -webtalk_dir C:\\PROJECT_FOR_RELEASE\\KC705_150MHZ_32KB\\project_150MHz\\project_2.sdk\\webtalk
# webtalk_register_client -client project
# webtalk_add_data -client project -key date_generated -value "Mon Sep 22 20:21:50 2014" -context "software_version_and_target_device"
# webtalk_add_data -client project -key product_version -value "SDK v2014.3" -context "software_version_and_target_device"
# webtalk_add_data -client project -key build_version -value "2014.3" -context "software_version_and_target_device"
# webtalk_add_data -client project -key os_platform -value "amd64" -context "software_version_and_target_device"
# webtalk_add_data -client project -key registration_id -value "" -context "software_version_and_target_device"
# webtalk_add_data -client project -key tool_flow -value "SDK" -context "software_version_and_target_device"
# webtalk_add_data -client project -key beta -value "false" -context "software_version_and_target_device"
# webtalk_add_data -client project -key route_design -value "NA" -context "software_version_and_target_device"
# webtalk_add_data -client project -key target_family -value "NA" -context "software_version_and_target_device"
# webtalk_add_data -client project -key target_device -value "NA" -context "software_version_and_target_device"
# webtalk_add_data -client project -key target_package -value "NA" -context "software_version_and_target_device"
# webtalk_add_data -client project -key target_speed -value "NA" -context "software_version_and_target_device"
# webtalk_add_data -client project -key random_id -value "rgjtb71tqs95vivg7i2r28mr64" -context "software_version_and_target_device"
# webtalk_add_data -client project -key project_id -value "2014.3_2" -context "software_version_and_target_device"
# webtalk_add_data -client project -key project_iteration -value "2" -context "software_version_and_target_device"
# webtalk_add_data -client project -key os_name -value "" -context "user_environment"
# webtalk_add_data -client project -key os_release -value "" -context "user_environment"
# webtalk_add_data -client project -key cpu_name -value "" -context "user_environment"
# webtalk_add_data -client project -key cpu_speed -value "" -context "user_environment"
# webtalk_add_data -client project -key total_processors -value "" -context "user_environment"
# webtalk_add_data -client project -key system_ram -value "" -context "user_environment"
# webtalk_register_client -client sdk
# webtalk_add_data -client sdk -key uid -value "1411388941247" -context "sdk\\\\hardware/1411388941247"
# webtalk_add_data -client sdk -key isZynq -value "false" -context "sdk\\\\hardware/1411388941247"
# webtalk_add_data -client sdk -key Processors -value "1" -context "sdk\\\\hardware/1411388941247"
# webtalk_add_data -client sdk -key VivadoVersion -value "2014.3" -context "sdk\\\\hardware/1411388941247"
# webtalk_add_data -client sdk -key Arch -value "kintex7" -context "sdk\\\\hardware/1411388941247"
# webtalk_add_data -client sdk -key Device -value "7k325t" -context "sdk\\\\hardware/1411388941247"
# webtalk_add_data -client sdk -key IsHandoff -value "true" -context "sdk\\\\hardware/1411388941247"
# webtalk_add_data -client sdk -key uid -value "1411388966022" -context "sdk\\\\bsp/1411388966022"
# webtalk_add_data -client sdk -key hwid -value "1411388941247" -context "sdk\\\\bsp/1411388966022"
# webtalk_add_data -client sdk -key os -value "standalone" -context "sdk\\\\bsp/1411388966022"
# webtalk_add_data -client sdk -key apptemplate -value "empty_application" -context "sdk\\\\bsp/1411388966022"
# webtalk_add_data -client sdk -key uid -value "1411388984459" -context "sdk\\\\application/1411388984459"
# webtalk_add_data -client sdk -key hwid -value "1411388941247" -context "sdk\\\\application/1411388984459"
# webtalk_add_data -client sdk -key bspid -value "1411388966022" -context "sdk\\\\application/1411388984459"
# webtalk_add_data -client sdk -key newbsp -value "true" -context "sdk\\\\application/1411388984459"
# webtalk_add_data -client sdk -key os -value "standalone" -context "sdk\\\\application/1411388984459"
# webtalk_add_data -client sdk -key apptemplate -value "empty_application" -context "sdk\\\\application/1411388984459"
# webtalk_add_data -client sdk -key uid -value "1411390570341" -context "sdk\\\\bsp/1411390570341"
# webtalk_add_data -client sdk -key hwid -value "1411388941247" -context "sdk\\\\bsp/1411390570341"
# webtalk_add_data -client sdk -key os -value "xilkernel" -context "sdk\\\\bsp/1411390570341"
# webtalk_add_data -client sdk -key apptemplate -value "null" -context "sdk\\\\bsp/1411390570341"
# webtalk_add_data -client sdk -key uid -value "1411390574792" -context "sdk\\\\application/1411390574792"
# webtalk_add_data -client sdk -key hwid -value "1411388941247" -context "sdk\\\\application/1411390574792"
# webtalk_add_data -client sdk -key bspid -value "1411390570341" -context "sdk\\\\application/1411390574792"
# webtalk_add_data -client sdk -key newbsp -value "true" -context "sdk\\\\application/1411390574792"
# webtalk_add_data -client sdk -key os -value "xilkernel" -context "sdk\\\\application/1411390574792"
# webtalk_add_data -client sdk -key apptemplate -value "empty_application" -context "sdk\\\\application/1411390574792"
# webtalk_add_data -client sdk -key uid -value "1411391070486" -context "sdk\\\\bsp/1411391070486"
# webtalk_add_data -client sdk -key hwid -value "1411388941247" -context "sdk\\\\bsp/1411391070486"
# webtalk_add_data -client sdk -key os -value "xilkernel" -context "sdk\\\\bsp/1411391070486"
# webtalk_add_data -client sdk -key apptemplate -value "null" -context "sdk\\\\bsp/1411391070486"
# webtalk_add_data -client sdk -key uid -value "1411391074789" -context "sdk\\\\application/1411391074789"
# webtalk_add_data -client sdk -key hwid -value "1411388941247" -context "sdk\\\\application/1411391074789"
# webtalk_add_data -client sdk -key bspid -value "1411391070486" -context "sdk\\\\application/1411391074789"
# webtalk_add_data -client sdk -key newbsp -value "true" -context "sdk\\\\application/1411391074789"
# webtalk_add_data -client sdk -key os -value "xilkernel" -context "sdk\\\\application/1411391074789"
# webtalk_add_data -client sdk -key apptemplate -value "empty_application" -context "sdk\\\\application/1411391074789"
# webtalk_transmit -clientid 2321032089 -regid "" -xml C:\\PROJECT_FOR_RELEASE\\KC705_150MHZ_32KB\\project_150MHz\\project_2.sdk\\webtalk\\usage_statistics_ext_sdk.xml -html C:\\PROJECT_FOR_RELEASE\\KC705_150MHZ_32KB\\project_150MHz\\project_2.sdk\\webtalk\\usage_statistics_ext_sdk.html -wdm C:\\PROJECT_FOR_RELEASE\\KC705_150MHZ_32KB\\project_150MHz\\project_2.sdk\\webtalk\\sdk_webtalk.wdm -intro "<H3>SDK Usage Report</H3><BR>"

    while executing
"webtalk_transmit -clientid 2321032089 -regid "" -xml C:\\PROJECT_FOR_RELEASE\\KC705_150MHZ_32KB\\project_150MHz\\project_2.sdk\\webtalk\\usage_statist..."
    (file "sdk_webtalk.tcl" line 62)
INFO: [Common 17-206] Exiting Webtalk at Mon Sep 22 20:22:13 2014...
